<?xml version="1.0" encoding="UTF-8"?>
<!-- Generated by org.testng.reporters.JUnitXMLReporter -->
<testsuite ignored="0" hostname="DESKTOP-MK8UR93" failures="0" tests="7" name="Command line test" time="4.102" errors="0" timestamp="2022-01-18T23:36:31 TRT">
  <testcase classname="tests.UserTest" name="TS0001" time="2.221"/>
  <testcase classname="tests.UserTest" name="TS0002" time="0.731"/>
  <testcase classname="tests.UserTest" name="TS0003" time="0.227"/>
  <testcase classname="tests.UserTest" name="TS0004" time="0.25"/>
  <testcase classname="tests.UserTest" name="TS0005" time="0.203"/>
  <testcase classname="tests.UserTest" name="TS0006" time="0.22"/>
  <testcase classname="tests.UserTest" name="TS0007" time="0.214"/>
</testsuite> <!-- Command line test -->
