<?xml version="1.0" encoding="UTF-8" ?>
<testsuite tests="7" failures="0" name="tests.UserTest" time="4.069" errors="0" skipped="0">
  <properties>
[...]
</properties>
  <testcase classname="tests.UserTest" name="TS0001" time="2.224"/>
  <testcase classname="tests.UserTest" name="TS0002" time="0.731"/>
  <testcase classname="tests.UserTest" name="TS0003" time="0.226"/>
  <testcase classname="tests.UserTest" name="TS0004" time="0.251"/>
  <testcase classname="tests.UserTest" name="TS0005" time="0.203"/>
  <testcase classname="tests.UserTest" name="TS0006" time="0.22"/>
  <testcase classname="tests.UserTest" name="TS0007" time="0.214"/>
</testsuite>